<?xml version="1.0" encoding="UTF-8"?>
<!-- Generated by org.testng.reporters.JUnitReportReporter -->
<testsuite hostname="SUMAN" failures="0" tests="1" name="com.test.maven.FirstTest" time="4.225" errors="0" timestamp="9 Nov 2023 02:53:14 GMT">
  <testcase classname="com.test.maven.FirstTest" name="navigateToflipkart" time="4.225"/>
</testsuite> <!-- com.test.maven.FirstTest -->
